# JRE version: Java(TM) SE Runtime Environment (7.0_79-b15) (build 1.7.0_79-b15)
# Java VM: Java HotSpot(TM) 64-Bit Server VM (24.79-b02 mixed mode bsd-amd64 compressed oops)
Heap
 PSYoungGen      total 19456K, used 14108K [0x00000007eaa80000, 0x00000007f6000000, 0x0000000800000000)
  eden space 18944K, 74% used [0x00000007eaa80000,0x00000007eb83f038,0x00000007ebd00000)
  from space 512K, 6% used [0x00000007f5f00000,0x00000007f5f08000,0x00000007f5f80000)
  to   space 512K, 0% used [0x00000007f5f80000,0x00000007f5f80000,0x00000007f6000000)
 ParOldGen       total 43520K, used 37141K [0x00000007c0000000, 0x00000007c2a80000, 0x00000007eaa80000)
  object space 43520K, 85% used [0x00000007c0000000,0x00000007c24456f0,0x00000007c2a80000)
 PSPermGen       total 21504K, used 8170K [0x00000007bae00000, 0x00000007bc300000, 0x00000007c0000000)
  object space 21504K, 37% used [0x00000007bae00000,0x00000007bb5fab50,0x00000007bc300000)
GC Heap History (10 events):
Event: 2640.999 GC heap before
{Heap before GC invocations=363 (full 0):
 PSYoungGen      total 19456K, used 18976K [0x00000007eaa80000, 0x00000007f6000000, 0x0000000800000000)
  eden space 18944K, 100% used [0x00000007eaa80000,0x00000007ebd00000,0x00000007ebd00000)
  from space 512K, 6% used [0x00000007f5f80000,0x00000007f5f88000,0x00000007f6000000)
  to   space 512K, 0% used [0x00000007f5f00000,0x00000007f5f00000,0x00000007f5f80000)
 ParOldGen       total 43520K, used 37141K [0x00000007c0000000, 0x00000007c2a80000, 0x00000007eaa80000)
  object space 43520K, 85% used [0x00000007c0000000,0x00000007c24456f0,0x00000007c2a80000)
 PSPermGen       total 21504K, used 8162K [0x00000007bae00000, 0x00000007bc300000, 0x00000007c0000000)
  object space 21504K, 37% used [0x00000007bae00000,0x00000007bb5f8ae0,0x00000007bc300000)
Event: 2641.000 GC heap after
Heap after GC invocations=363 (full 0):
 PSYoungGen      total 19456K, used 32K [0x00000007eaa80000, 0x00000007f6000000, 0x0000000800000000)
  eden space 18944K, 0% used [0x00000007eaa80000,0x00000007eaa80000,0x00000007ebd00000)
  from space 512K, 6% used [0x00000007f5f00000,0x00000007f5f08000,0x00000007f5f80000)
  to   space 512K, 0% used [0x00000007f5f80000,0x00000007f5f80000,0x00000007f6000000)
 ParOldGen       total 43520K, used 37141K [0x00000007c0000000, 0x00000007c2a80000, 0x00000007eaa80000)
  object space 43520K, 85% used [0x00000007c0000000,0x00000007c24456f0,0x00000007c2a80000)
 PSPermGen       total 21504K, used 8162K [0x00000007bae00000, 0x00000007bc300000, 0x00000007c0000000)
  object space 21504K, 37% used [0x00000007bae00000,0x00000007bb5f8ae0,0x00000007bc300000)
}
Event: 2647.704 GC heap before
{Heap before GC invocations=364 (full 0):
 PSYoungGen      total 19456K, used 18976K [0x00000007eaa80000, 0x00000007f6000000, 0x0000000800000000)
  eden space 18944K, 100% used [0x00000007eaa80000,0x00000007ebd00000,0x00000007ebd00000)
  from space 512K, 6% used [0x00000007f5f00000,0x00000007f5f08000,0x00000007f5f80000)
  to   space 512K, 0% used [0x00000007f5f80000,0x00000007f5f80000,0x00000007f6000000)
 ParOldGen       total 43520K, used 37141K [0x00000007c0000000, 0x00000007c2a80000, 0x00000007eaa80000)
  object space 43520K, 85% used [0x00000007c0000000,0x00000007c24456f0,0x00000007c2a80000)
 PSPermGen       total 21504K, used 8162K [0x00000007bae00000, 0x00000007bc300000, 0x00000007c0000000)
  object space 21504K, 37% used [0x00000007bae00000,0x00000007bb5f8ae0,0x00000007bc300000)
Event: 2647.705 GC heap after
Heap after GC invocations=364 (full 0):
 PSYoungGen      total 19456K, used 32K [0x00000007eaa80000, 0x00000007f6000000, 0x0000000800000000)
  eden space 18944K, 0% used [0x00000007eaa80000,0x00000007eaa80000,0x00000007ebd00000)
  from space 512K, 6% used [0x00000007f5f80000,0x00000007f5f88000,0x00000007f6000000)
  to   space 512K, 0% used [0x00000007f5f00000,0x00000007f5f00000,0x00000007f5f80000)
 ParOldGen       total 43520K, used 37141K [0x00000007c0000000, 0x00000007c2a80000, 0x00000007eaa80000)
  object space 43520K, 85% used [0x00000007c0000000,0x00000007c24456f0,0x00000007c2a80000)
 PSPermGen       total 21504K, used 8162K [0x00000007bae00000, 0x00000007bc300000, 0x00000007c0000000)
  object space 21504K, 37% used [0x00000007bae00000,0x00000007bb5f8ae0,0x00000007bc300000)
}
Event: 2654.410 GC heap before
{Heap before GC invocations=365 (full 0):
 PSYoungGen      total 19456K, used 18976K [0x00000007eaa80000, 0x00000007f6000000, 0x0000000800000000)
  eden space 18944K, 100% used [0x00000007eaa80000,0x00000007ebd00000,0x00000007ebd00000)
  from space 512K, 6% used [0x00000007f5f80000,0x00000007f5f88000,0x00000007f6000000)
  to   space 512K, 0% used [0x00000007f5f00000,0x00000007f5f00000,0x00000007f5f80000)
 ParOldGen       total 43520K, used 37141K [0x00000007c0000000, 0x00000007c2a80000, 0x00000007eaa80000)
  object space 43520K, 85% used [0x00000007c0000000,0x00000007c24456f0,0x00000007c2a80000)
 PSPermGen       total 21504K, used 8162K [0x00000007bae00000, 0x00000007bc300000, 0x00000007c0000000)
  object space 21504K, 37% used [0x00000007bae00000,0x00000007bb5f8ae0,0x00000007bc300000)
Event: 2654.411 GC heap after
Heap after GC invocations=365 (full 0):
 PSYoungGen      total 19456K, used 32K [0x00000007eaa80000, 0x00000007f6000000, 0x0000000800000000)
  eden space 18944K, 0% used [0x00000007eaa80000,0x00000007eaa80000,0x00000007ebd00000)
  from space 512K, 6% used [0x00000007f5f00000,0x00000007f5f08000,0x00000007f5f80000)
  to   space 512K, 0% used [0x00000007f5f80000,0x00000007f5f80000,0x00000007f6000000)
 ParOldGen       total 43520K, used 37141K [0x00000007c0000000, 0x00000007c2a80000, 0x00000007eaa80000)
  object space 43520K, 85% used [0x00000007c0000000,0x00000007c24456f0,0x00000007c2a80000)
 PSPermGen       total 21504K, used 8162K [0x00000007bae00000, 0x00000007bc300000, 0x00000007c0000000)
  object space 21504K, 37% used [0x00000007bae00000,0x00000007bb5f8ae0,0x00000007bc300000)
}
Event: 2661.130 GC heap before
{Heap before GC invocations=366 (full 0):
 PSYoungGen      total 19456K, used 18976K [0x00000007eaa80000, 0x00000007f6000000, 0x0000000800000000)
  eden space 18944K, 100% used [0x00000007eaa80000,0x00000007ebd00000,0x00000007ebd00000)
  from space 512K, 6% used [0x00000007f5f00000,0x00000007f5f08000,0x00000007f5f80000)
  to   space 512K, 0% used [0x00000007f5f80000,0x00000007f5f80000,0x00000007f6000000)
 ParOldGen       total 43520K, used 37141K [0x00000007c0000000, 0x00000007c2a80000, 0x00000007eaa80000)
  object space 43520K, 85% used [0x00000007c0000000,0x00000007c24456f0,0x00000007c2a80000)
 PSPermGen       total 21504K, used 8162K [0x00000007bae00000, 0x00000007bc300000, 0x00000007c0000000)
  object space 21504K, 37% used [0x00000007bae00000,0x00000007bb5f8ae0,0x00000007bc300000)
Event: 2661.131 GC heap after
Heap after GC invocations=366 (full 0):
 PSYoungGen      total 19456K, used 32K [0x00000007eaa80000, 0x00000007f6000000, 0x0000000800000000)
  eden space 18944K, 0% used [0x00000007eaa80000,0x00000007eaa80000,0x00000007ebd00000)
  from space 512K, 6% used [0x00000007f5f80000,0x00000007f5f88000,0x00000007f6000000)
  to   space 512K, 0% used [0x00000007f5f00000,0x00000007f5f00000,0x00000007f5f80000)
 ParOldGen       total 43520K, used 37141K [0x00000007c0000000, 0x00000007c2a80000, 0x00000007eaa80000)
  object space 43520K, 85% used [0x00000007c0000000,0x00000007c24456f0,0x00000007c2a80000)
 PSPermGen       total 21504K, used 8162K [0x00000007bae00000, 0x00000007bc300000, 0x00000007c0000000)
  object space 21504K, 37% used [0x00000007bae00000,0x00000007bb5f8ae0,0x00000007bc300000)
}
Event: 2667.835 GC heap before
{Heap before GC invocations=367 (full 0):
 PSYoungGen      total 19456K, used 18976K [0x00000007eaa80000, 0x00000007f6000000, 0x0000000800000000)
  eden space 18944K, 100% used [0x00000007eaa80000,0x00000007ebd00000,0x00000007ebd00000)
  from space 512K, 6% used [0x00000007f5f80000,0x00000007f5f88000,0x00000007f6000000)
  to   space 512K, 0% used [0x00000007f5f00000,0x00000007f5f00000,0x00000007f5f80000)
 ParOldGen       total 43520K, used 37141K [0x00000007c0000000, 0x00000007c2a80000, 0x00000007eaa80000)
  object space 43520K, 85% used [0x00000007c0000000,0x00000007c24456f0,0x00000007c2a80000)
 PSPermGen       total 21504K, used 8162K [0x00000007bae00000, 0x00000007bc300000, 0x00000007c0000000)
  object space 21504K, 37% used [0x00000007bae00000,0x00000007bb5f8ae0,0x00000007bc300000)
Event: 2667.836 GC heap after
Heap after GC invocations=367 (full 0):
 PSYoungGen      total 19456K, used 32K [0x00000007eaa80000, 0x00000007f6000000, 0x0000000800000000)
  eden space 18944K, 0% used [0x00000007eaa80000,0x00000007eaa80000,0x00000007ebd00000)
  from space 512K, 6% used [0x00000007f5f00000,0x00000007f5f08000,0x00000007f5f80000)
  to   space 512K, 0% used [0x00000007f5f80000,0x00000007f5f80000,0x00000007f6000000)
 ParOldGen       total 43520K, used 37141K [0x00000007c0000000, 0x00000007c2a80000, 0x00000007eaa80000)
  object space 43520K, 85% used [0x00000007c0000000,0x00000007c24456f0,0x00000007c2a80000)
 PSPermGen       total 21504K, used 8162K [0x00000007bae00000, 0x00000007bc300000, 0x00000007c0000000)
  object space 21504K, 37% used [0x00000007bae00000,0x00000007bb5f8ae0,0x00000007bc300000)
}

